{"total": {"lines":{"total":232,"covered":204,"skipped":0,"pct":87.93},"statements":{"total":239,"covered":211,"skipped":0,"pct":88.28},"functions":{"total":93,"covered":70,"skipped":0,"pct":75.27},"branches":{"total":178,"covered":132,"skipped":0,"pct":74.16}}
,"/Users/denjell/git/curriedForage/src/cryptoForage.js": {"lines":{"total":8,"covered":8,"skipped":0,"pct":100},"functions":{"total":6,"covered":4,"skipped":0,"pct":66.67},"statements":{"total":8,"covered":8,"skipped":0,"pct":100},"branches":{"total":8,"covered":7,"skipped":0,"pct":87.5}}
,"/Users/denjell/git/curriedForage/src/cryptoPrimitives.js": {"lines":{"total":45,"covered":25,"skipped":0,"pct":55.56},"functions":{"total":8,"covered":5,"skipped":0,"pct":62.5},"statements":{"total":45,"covered":25,"skipped":0,"pct":55.56},"branches":{"total":14,"covered":4,"skipped":0,"pct":28.57}}
,"/Users/denjell/git/curriedForage/src/curriedForage.js": {"lines":{"total":119,"covered":114,"skipped":0,"pct":95.8},"functions":{"total":69,"covered":51,"skipped":0,"pct":73.91},"statements":{"total":122,"covered":117,"skipped":0,"pct":95.9},"branches":{"total":87,"covered":58,"skipped":0,"pct":66.67}}
,"/Users/denjell/git/curriedForage/src/handler.js": {"lines":{"total":60,"covered":57,"skipped":0,"pct":95},"functions":{"total":10,"covered":10,"skipped":0,"pct":100},"statements":{"total":64,"covered":61,"skipped":0,"pct":95.31},"branches":{"total":69,"covered":63,"skipped":0,"pct":91.3}}
,"/Users/denjell/git/curriedForage/src/index.js": {"lines":{"total":0,"covered":0,"skipped":0,"pct":100},"functions":{"total":0,"covered":0,"skipped":0,"pct":100},"statements":{"total":0,"covered":0,"skipped":0,"pct":100},"branches":{"total":0,"covered":0,"skipped":0,"pct":100}}
}
