{"total": {"lines":{"total":307,"covered":272,"skipped":0,"pct":88.6},"statements":{"total":427,"covered":384,"skipped":0,"pct":89.93},"functions":{"total":95,"covered":73,"skipped":0,"pct":76.84},"branches":{"total":213,"covered":164,"skipped":0,"pct":77}}
,"/home/laegel/Workspace/perso/curriedForage/src/cryptoForage.ts": {"lines":{"total":17,"covered":17,"skipped":0,"pct":100},"functions":{"total":6,"covered":4,"skipped":0,"pct":66.67},"statements":{"total":29,"covered":29,"skipped":0,"pct":100},"branches":{"total":13,"covered":12,"skipped":0,"pct":92.31}}
,"/home/laegel/Workspace/perso/curriedForage/src/cryptoPrimitives.ts": {"lines":{"total":57,"covered":31,"skipped":0,"pct":54.39},"functions":{"total":8,"covered":5,"skipped":0,"pct":62.5},"statements":{"total":61,"covered":35,"skipped":0,"pct":57.38},"branches":{"total":16,"covered":6,"skipped":0,"pct":37.5}}
,"/home/laegel/Workspace/perso/curriedForage/src/curriedForage.ts": {"lines":{"total":163,"covered":157,"skipped":0,"pct":96.32},"functions":{"total":71,"covered":54,"skipped":0,"pct":76.06},"statements":{"total":261,"covered":247,"skipped":0,"pct":94.64},"branches":{"total":114,"covered":82,"skipped":0,"pct":71.93}}
,"/home/laegel/Workspace/perso/curriedForage/src/handler.ts": {"lines":{"total":62,"covered":59,"skipped":0,"pct":95.16},"functions":{"total":10,"covered":10,"skipped":0,"pct":100},"statements":{"total":68,"covered":65,"skipped":0,"pct":95.59},"branches":{"total":70,"covered":64,"skipped":0,"pct":91.43}}
,"/home/laegel/Workspace/perso/curriedForage/src/index.ts": {"lines":{"total":8,"covered":8,"skipped":0,"pct":100},"functions":{"total":0,"covered":0,"skipped":0,"pct":100},"statements":{"total":8,"covered":8,"skipped":0,"pct":100},"branches":{"total":0,"covered":0,"skipped":0,"pct":100}}
}
