TN:
SF:/home/laegel/Workspace/perso/curriedForage/src/cryptoForage.js
FN:31,(anonymous_0)
FN:32,(anonymous_1)
FN:37,(anonymous_2)
FN:70,(anonymous_3)
FN:71,(anonymous_4)
FN:76,(anonymous_5)
FNF:6
FNH:4
FNDA:1011,(anonymous_13)
FNDA:1010,(anonymous_14)
FNDA:0,(anonymous_17)
FNDA:5,(anonymous_18)
FNDA:5,(anonymous_19)
FNDA:0,(anonymous_22)
DA:1,5
DA:3,5
DA:20,5
DA:40,1011
DA:41,1011
DA:42,1010
DA:43,1010
DA:44,1010
DA:79,5
DA:80,5
DA:81,5
DA:82,5
DA:83,5
DA:91,5
DA:92,1
DA:97,4
DA:104,5
LF:17
LH:17
BRDA:40,0,0,1
BRDA:40,0,1,1010
BRDA:43,1,0,1010
BRDA:43,1,1,1010
BRDA:79,2,0,0
BRDA:79,2,1,5
BRDA:82,3,0,5
BRDA:91,4,0,1
BRDA:91,4,1,4
BRDA:91,5,0,5
BRDA:91,5,1,1
BRDA:94,6,0,1
BRDA:94,6,1,1
BRF:13
BRH:12
end_of_record
TN:
SF:/home/laegel/Workspace/perso/curriedForage/src/cryptoPrimitives.js
FN:27,(anonymous_0)
FN:38,(anonymous_1)
FN:64,(anonymous_2)
FN:78,(anonymous_3)
FN:128,(anonymous_4)
FN:176,(anonymous_5)
FN:188,(anonymous_6)
FN:217,(anonymous_7)
FNF:8
FNH:5
FNDA:1015,(anonymous_13)
FNDA:1,(anonymous_14)
FNDA:1,(anonymous_15)
FNDA:1013,(anonymous_16)
FNDA:6,(anonymous_19)
FNDA:0,(anonymous_22)
FNDA:0,(anonymous_23)
FNDA:0,(anonymous_24)
DA:1,5
DA:4,5
DA:35,5
DA:42,5
DA:51,1015
DA:62,1
DA:88,1
DA:89,1
DA:101,1013
DA:102,1013
DA:103,0
DA:106,1013
DA:107,1013
DA:109,0
DA:113,1013
DA:114,1013
DA:115,1013
DA:117,1013
DA:118,1013
DA:119,1013
DA:121,1013
DA:122,1013
DA:151,6
DA:152,6
DA:153,6
DA:154,6
DA:155,6
DA:159,6
DA:161,6
DA:162,0
DA:164,6
DA:168,6
DA:200,0
DA:212,0
DA:213,0
DA:214,0
DA:216,0
DA:217,0
DA:218,0
DA:222,0
DA:223,0
DA:224,0
DA:226,0
DA:227,0
DA:241,0
DA:242,0
DA:243,0
DA:245,0
DA:246,0
DA:247,0
DA:252,0
DA:256,0
DA:257,0
DA:260,0
DA:261,0
DA:267,5
DA:268,5
LF:57
LH:31
BRDA:88,0,0,1
BRDA:88,0,1,1
BRDA:101,1,0,0
BRDA:101,1,1,1013
BRDA:102,2,0,0
BRDA:102,2,1,1013
BRDA:151,3,0,0
BRDA:151,3,1,6
BRDA:161,4,0,0
BRDA:161,4,1,6
BRDA:219,5,0,0
BRDA:219,5,1,0
BRDA:253,6,0,0
BRDA:253,6,1,0
BRDA:256,7,0,0
BRDA:256,7,1,0
BRF:16
BRH:6
end_of_record
TN:
SF:/home/laegel/Workspace/perso/curriedForage/src/curriedForage.js
FN:60,(anonymous_0)
FN:61,(anonymous_1)
FN:65,(anonymous_2)
FN:67,(anonymous_3)
FN:86,(anonymous_4)
FN:87,(anonymous_5)
FN:91,(anonymous_6)
FN:94,(anonymous_7)
FN:115,(anonymous_8)
FN:116,(anonymous_9)
FN:120,(anonymous_10)
FN:122,(anonymous_11)
FN:140,(anonymous_12)
FN:141,(anonymous_13)
FN:145,(anonymous_14)
FN:147,(anonymous_15)
FN:174,(anonymous_16)
FN:175,(anonymous_17)
FN:176,(anonymous_18)
FN:180,(anonymous_19)
FN:239,(anonymous_20)
FN:246,(anonymous_21)
FN:247,(anonymous_22)
FN:251,(anonymous_23)
FN:253,(anonymous_24)
FN:261,(anonymous_25)
FN:263,(anonymous_26)
FN:267,(anonymous_27)
FN:269,(anonymous_28)
FN:271,(anonymous_29)
FN:275,(anonymous_30)
FN:280,(anonymous_31)
FN:281,(anonymous_32)
FN:283,(anonymous_33)
FN:285,(anonymous_34)
FN:291,(anonymous_35)
FN:292,(anonymous_36)
FN:295,(anonymous_37)
FN:297,(anonymous_38)
FN:318,(anonymous_39)
FN:319,(anonymous_40)
FN:322,(anonymous_41)
FN:324,(anonymous_42)
FN:332,(anonymous_43)
FN:333,(anonymous_44)
FN:336,(anonymous_45)
FN:338,(anonymous_46)
FN:358,(anonymous_47)
FN:359,(anonymous_48)
FN:361,(anonymous_49)
FN:363,(anonymous_50)
FN:371,(anonymous_51)
FN:379,(anonymous_52)
FN:387,(anonymous_53)
FN:390,(anonymous_54)
FN:392,(anonymous_55)
FN:393,(anonymous_56)
FN:409,(anonymous_57)
FN:413,(anonymous_58)
FN:420,(anonymous_59)
FN:421,(anonymous_60)
FN:423,(anonymous_61)
FN:430,(anonymous_62)
FN:431,(anonymous_63)
FN:433,(anonymous_64)
FN:440,(anonymous_65)
FN:462,(anonymous_66)
FN:464,(anonymous_67)
FN:483,(anonymous_68)
FNF:69
FNH:51
FNDA:29,(anonymous_0)
FNDA:29,(anonymous_1)
FNDA:29,(anonymous_2)
FNDA:0,(anonymous_3)
FNDA:4,(anonymous_4)
FNDA:4,(anonymous_5)
FNDA:4,(anonymous_6)
FNDA:0,(anonymous_7)
FNDA:1074,(anonymous_8)
FNDA:1072,(anonymous_9)
FNDA:1072,(anonymous_10)
FNDA:0,(anonymous_11)
FNDA:3,(anonymous_12)
FNDA:3,(anonymous_13)
FNDA:3,(anonymous_14)
FNDA:0,(anonymous_15)
FNDA:19,(anonymous_16)
FNDA:7,(anonymous_17)
FNDA:17,(anonymous_18)
FNDA:17,(anonymous_19)
FNDA:0,(anonymous_20)
FNDA:1,(anonymous_21)
FNDA:1,(anonymous_22)
FNDA:1,(anonymous_23)
FNDA:0,(anonymous_24)
FNDA:2,(anonymous_25)
FNDA:2,(anonymous_26)
FNDA:2,(anonymous_27)
FNDA:2,(anonymous_28)
FNDA:0,(anonymous_29)
FNDA:0,(anonymous_30)
FNDA:23,(anonymous_31)
FNDA:19,(anonymous_32)
FNDA:19,(anonymous_33)
FNDA:0,(anonymous_34)
FNDA:9,(anonymous_35)
FNDA:9,(anonymous_36)
FNDA:9,(anonymous_37)
FNDA:0,(anonymous_38)
FNDA:2,(anonymous_39)
FNDA:2,(anonymous_40)
FNDA:2,(anonymous_41)
FNDA:0,(anonymous_42)
FNDA:4,(anonymous_43)
FNDA:3,(anonymous_44)
FNDA:3,(anonymous_45)
FNDA:0,(anonymous_46)
FNDA:3,(anonymous_47)
FNDA:3,(anonymous_48)
FNDA:3,(anonymous_49)
FNDA:0,(anonymous_50)
FNDA:1,(anonymous_51)
FNDA:1,(anonymous_52)
FNDA:1,(anonymous_55)
FNDA:0,(anonymous_56)
FNDA:12,(anonymous_57)
FNDA:0,(anonymous_58)
FNDA:1,(anonymous_59)
FNDA:1,(anonymous_60)
FNDA:0,(anonymous_61)
FNDA:1,(anonymous_62)
FNDA:1,(anonymous_63)
FNDA:0,(anonymous_64)
FNDA:23,(anonymous_65)
FNDA:19,(anonymous_66)
FNDA:19,(anonymous_69)
FNDA:0,(anonymous_70)
FNDA:9,(anonymous_71)
FNDA:9,(anonymous_72)
FNDA:9,(anonymous_75)
FNDA:0,(anonymous_76)
FNDA:2,(anonymous_77)
FNDA:2,(anonymous_78)
FNDA:2,(anonymous_81)
FNDA:0,(anonymous_82)
FNDA:4,(anonymous_83)
FNDA:3,(anonymous_84)
FNDA:3,(anonymous_87)
FNDA:0,(anonymous_88)
FNDA:3,(anonymous_89)
FNDA:3,(anonymous_90)
FNDA:3,(anonymous_93)
FNDA:0,(anonymous_94)
FNDA:0,(anonymous_95)
FNDA:1,(anonymous_96)
FNDA:2,(anonymous_97)
FNDA:1,(anonymous_98)
FNDA:1,(anonymous_101)
FNDA:0,(anonymous_102)
FNDA:12,(anonymous_103)
FNDA:2,(anonymous_104)
FNDA:2,(anonymous_107)
FNDA:0,(anonymous_108)
FNDA:1,(anonymous_109)
FNDA:1,(anonymous_112)
FNDA:0,(anonymous_113)
FNDA:2,(anonymous_114)
FNDA:8,(anonymous_115)
FNDA:13,(anonymous_116)
FNDA:1161,(anonymous_117)
DA:1,5
DA:2,5
DA:10,5
DA:75,5
DA:86,29
DA:87,29
DA:88,29
DA:89,58
DA:90,29
DA:91,29
DA:92,29
DA:112,4
DA:113,4
DA:114,4
DA:115,7
DA:116,4
DA:119,4
DA:141,1074
DA:142,1074
DA:143,1072
DA:144,2012
DA:145,1072
DA:146,1072
DA:147,1072
DA:166,3
DA:167,3
DA:168,3
DA:169,6
DA:170,3
DA:172,3
DA:200,19
DA:201,19
DA:202,19
DA:203,17
DA:204,34
DA:205,17
DA:206,17
DA:208,17
DA:209,0
DA:211,0
DA:212,0
DA:217,3
DA:219,3
DA:220,3
DA:225,3
DA:227,3
DA:228,3
DA:233,2
DA:235,2
DA:236,2
DA:241,3
DA:242,3
DA:243,3
DA:248,3
DA:249,3
DA:250,3
DA:255,0
DA:258,3
DA:259,3
DA:272,1
DA:273,1
DA:274,2
DA:275,1
DA:276,1
DA:277,1
DA:278,1
DA:287,4
DA:288,2
DA:289,2
DA:290,2
DA:291,1
DA:292,1
DA:293,2
DA:295,2
DA:296,2
DA:306,46
DA:307,23
DA:308,19
DA:309,19
DA:310,19
DA:317,9
DA:318,9
DA:319,9
DA:320,9
DA:321,9
DA:322,9
DA:344,2
DA:345,2
DA:346,2
DA:347,2
DA:348,2
DA:349,2
DA:358,4
DA:359,4
DA:360,3
DA:361,3
DA:362,3
DA:372,0
DA:380,1
DA:388,2
DA:391,1
DA:392,1
DA:411,12
DA:421,1
DA:422,1
DA:431,1
DA:432,1
DA:441,2
DA:462,3
DA:463,8
DA:464,7
DA:465,13
DA:466,13
DA:468,4
DA:470,4
DA:472,4
DA:474,1
DA:476,0
DA:479,7
DA:480,1
DA:483,3
DA:484,1161
DA:485,4
DA:491,3
DA:492,3
DA:493,3
DA:494,3
DA:495,3
DA:496,3
DA:497,3
DA:498,3
DA:499,3
DA:500,3
DA:501,3
DA:502,3
DA:503,3
DA:504,3
DA:505,3
LF:119
LH:114
BRDA:60,0,0,1
BRDA:63,1,0,0
BRDA:63,1,1,29
BRDA:63,2,0,0
BRDA:63,2,1,0
BRDA:66,3,0,29
BRDA:66,3,1,0
BRDA:66,4,0,29
BRDA:66,4,1,25
BRDA:86,5,0,0
BRDA:89,6,0,1
BRDA:89,6,1,3
BRDA:89,7,0,1
BRDA:89,7,1,0
BRDA:93,8,0,3
BRDA:93,8,1,1
BRDA:93,9,0,3
BRDA:93,9,1,2
BRDA:115,10,0,0
BRDA:118,11,0,1006
BRDA:118,11,1,66
BRDA:118,12,0,1006
BRDA:118,12,1,0
BRDA:121,13,0,66
BRDA:121,13,1,1006
BRDA:121,14,0,66
BRDA:121,14,1,66
BRDA:140,15,0,0
BRDA:143,16,0,0
BRDA:143,16,1,3
BRDA:143,17,0,0
BRDA:143,17,1,0
BRDA:146,18,0,3
BRDA:146,18,1,0
BRDA:146,19,0,3
BRDA:146,19,1,1
BRDA:174,20,0,0
BRDA:175,21,0,0
BRDA:175,21,1,7
BRDA:178,22,0,0
BRDA:178,22,1,17
BRDA:178,23,0,0
BRDA:178,23,1,0
BRDA:182,24,0,0
BRDA:182,24,1,3
BRDA:182,24,2,3
BRDA:182,24,3,2
BRDA:182,24,4,3
BRDA:182,24,5,3
BRDA:182,24,6,0
BRDA:182,24,7,3
BRDA:246,25,0,0
BRDA:248,26,0,0
BRDA:248,26,1,1
BRDA:248,27,0,0
BRDA:248,27,1,0
BRDA:264,28,0,1
BRDA:264,28,1,1
BRDA:266,29,0,1
BRDA:266,29,1,0
BRDA:280,30,0,19
BRDA:280,31,0,23
BRDA:284,32,0,19
BRDA:284,32,1,19
BRDA:291,33,0,8
BRDA:296,34,0,9
BRDA:296,34,1,8
BRDA:318,35,0,2
BRDA:323,36,0,2
BRDA:323,36,1,1
BRDA:332,37,0,0
BRDA:337,38,0,3
BRDA:337,38,1,2
BRDA:358,39,0,0
BRDA:409,40,0,1
BRDA:412,41,0,12
BRDA:412,41,1,1
BRDA:463,42,0,7
BRDA:463,42,1,1
BRDA:466,43,0,4
BRDA:466,43,1,4
BRDA:466,43,2,4
BRDA:466,43,3,1
BRDA:466,43,4,0
BRDA:483,44,0,0
BRDA:484,45,0,1157
BRDA:484,45,1,4
BRF:87
BRH:58
end_of_record
TN:
SF:/home/laegel/Workspace/perso/curriedForage/src/handler.js
FN:32,(anonymous_0)
FN:33,(anonymous_1)
FN:66,(anonymous_2)
FN:102,(anonymous_3)
FN:114,(anonymous_4)
FN:158,(anonymous_5)
FN:159,(anonymous_6)
FN:184,(anonymous_7)
FN:189,(anonymous_8)
FN:199,(anonymous_9)
FNF:10
FNH:10
FNDA:2194,(anonymous_13)
FNDA:2193,(anonymous_14)
FNDA:3,(anonymous_15)
FNDA:19,(anonymous_16)
FNDA:18,(anonymous_17)
FNDA:1159,(anonymous_18)
FNDA:1159,(anonymous_19)
FNDA:5,(anonymous_20)
FNDA:5,(anonymous_21)
FNDA:10,(anonymous_24)
DA:17,5
DA:43,2194
DA:44,2193
DA:45,2190
DA:47,2193
DA:48,2193
DA:49,1037
DA:52,1
DA:55,2
DA:56,2
DA:59,4
DA:62,2
DA:63,2
DA:65,2
DA:69,7
DA:72,10
DA:73,9
DA:74,7
DA:75,6
DA:76,6
DA:77,1
DA:79,5
DA:83,1
DA:84,1
DA:89,1012
DA:92,1156
DA:124,19
DA:125,18
DA:126,17
DA:128,18
DA:129,11
DA:131,1
DA:133,3
DA:135,1
DA:136,1
DA:138,2
DA:139,2
DA:141,3
DA:144,2
DA:145,2
DA:147,1
DA:150,1
DA:153,7
DA:169,1159
DA:177,1159
DA:178,1027
DA:180,132
DA:194,5
DA:196,5
DA:200,5
DA:201,5
DA:202,5
DA:203,0
DA:205,5
DA:206,5
DA:207,0
DA:210,5
DA:211,10
DA:213,7
DA:217,5
DA:220,0
DA:226,5
LF:62
LH:59
BRDA:44,0,0,2190
BRDA:44,0,1,3
BRDA:48,1,0,1037
BRDA:48,1,1,1156
BRDA:48,2,0,2193
BRDA:48,2,1,2164
BRDA:50,3,0,1
BRDA:50,3,1,1
BRDA:50,3,2,2
BRDA:50,3,3,2
BRDA:50,3,4,4
BRDA:50,3,5,4
BRDA:50,3,6,7
BRDA:50,3,7,7
BRDA:50,3,8,10
BRDA:50,3,9,10
BRDA:50,3,10,0
BRDA:50,3,11,1
BRDA:50,3,12,3
BRDA:50,3,13,3
BRDA:50,3,14,1008
BRDA:50,3,15,1012
BRDA:59,4,0,2
BRDA:59,4,1,2
BRDA:62,5,0,1
BRDA:62,5,1,1
BRDA:65,6,0,2
BRDA:65,6,1,1
BRDA:69,7,0,2
BRDA:69,7,1,5
BRDA:69,8,0,7
BRDA:69,8,1,6
BRDA:72,9,0,1
BRDA:72,9,1,9
BRDA:73,10,0,2
BRDA:73,10,1,7
BRDA:74,11,0,1
BRDA:74,11,1,6
BRDA:125,12,0,17
BRDA:125,12,1,1
BRDA:128,13,0,11
BRDA:128,13,1,7
BRDA:128,14,0,18
BRDA:128,14,1,11
BRDA:130,15,0,1
BRDA:130,15,1,3
BRDA:130,15,2,1
BRDA:130,15,3,2
BRDA:130,15,4,3
BRDA:130,15,5,1
BRDA:141,16,0,2
BRDA:141,16,1,1
BRDA:144,17,0,1
BRDA:144,17,1,1
BRDA:147,18,0,1
BRDA:147,18,1,0
BRDA:177,19,0,1027
BRDA:177,19,1,132
BRDA:194,20,0,0
BRDA:194,20,1,5
BRDA:202,21,0,0
BRDA:202,21,1,5
BRDA:202,22,0,5
BRDA:202,22,1,0
BRDA:206,23,0,0
BRDA:206,23,1,5
BRDA:206,24,0,5
BRDA:206,24,1,5
BRDA:211,25,0,7
BRDA:211,25,1,3
BRF:70
BRH:64
end_of_record
TN:
SF:/home/laegel/Workspace/perso/curriedForage/src/index.js
FNF:0
FNH:0
DA:1,5
DA:2,5
DA:3,5
DA:4,5
DA:7,5
DA:8,5
DA:9,5
DA:10,5
LF:8
LH:8
BRF:0
BRH:0
end_of_record
