TN:
SF:/home/laegel/Workspace/perso/curriedForage/src/cryptoForage.ts
FN:40,(anonymous_13)
FN:41,(anonymous_14)
FN:46,(anonymous_17)
FN:79,(anonymous_18)
FN:80,(anonymous_19)
FN:85,(anonymous_22)
FNF:6
FNH:4
FNDA:1011,(anonymous_13)
FNDA:1010,(anonymous_14)
FNDA:0,(anonymous_17)
FNDA:5,(anonymous_18)
FNDA:5,(anonymous_19)
FNDA:0,(anonymous_22)
DA:1,5
DA:3,5
DA:20,5
DA:40,1011
DA:41,1011
DA:42,1010
DA:43,1010
DA:44,1010
DA:79,5
DA:80,5
DA:81,5
DA:82,5
DA:83,5
DA:91,5
DA:92,1
DA:97,4
DA:104,5
LF:17
LH:17
BRDA:40,0,0,1
BRDA:40,0,1,1010
BRDA:43,1,0,1010
BRDA:43,1,1,1010
BRDA:79,2,0,0
BRDA:79,2,1,5
BRDA:82,3,0,5
BRDA:91,4,0,1
BRDA:91,4,1,4
BRDA:91,5,0,5
BRDA:91,5,1,1
BRDA:94,6,0,1
BRDA:94,6,1,1
BRF:13
BRH:12
end_of_record
TN:
SF:/home/laegel/Workspace/perso/curriedForage/src/cryptoPrimitives.ts
FN:50,(anonymous_13)
FN:61,(anonymous_14)
FN:87,(anonymous_15)
FN:101,(anonymous_16)
FN:151,(anonymous_19)
FN:199,(anonymous_22)
FN:211,(anonymous_23)
FN:240,(anonymous_24)
FNF:8
FNH:5
FNDA:1015,(anonymous_13)
FNDA:1,(anonymous_14)
FNDA:1,(anonymous_15)
FNDA:1013,(anonymous_16)
FNDA:6,(anonymous_19)
FNDA:0,(anonymous_22)
FNDA:0,(anonymous_23)
FNDA:0,(anonymous_24)
DA:1,5
DA:4,5
DA:35,5
DA:42,5
DA:51,1015
DA:62,1
DA:88,1
DA:89,1
DA:101,1013
DA:102,1013
DA:103,0
DA:106,1013
DA:107,1013
DA:109,0
DA:113,1013
DA:114,1013
DA:115,1013
DA:117,1013
DA:118,1013
DA:119,1013
DA:121,1013
DA:122,1013
DA:151,6
DA:152,6
DA:153,6
DA:154,6
DA:155,6
DA:159,6
DA:161,6
DA:162,0
DA:164,6
DA:168,6
DA:200,0
DA:212,0
DA:213,0
DA:214,0
DA:216,0
DA:217,0
DA:218,0
DA:222,0
DA:223,0
DA:224,0
DA:226,0
DA:227,0
DA:241,0
DA:242,0
DA:243,0
DA:245,0
DA:246,0
DA:247,0
DA:252,0
DA:256,0
DA:257,0
DA:260,0
DA:261,0
DA:267,5
DA:268,5
LF:57
LH:31
BRDA:88,0,0,1
BRDA:88,0,1,1
BRDA:101,1,0,0
BRDA:101,1,1,1013
BRDA:102,2,0,0
BRDA:102,2,1,1013
BRDA:151,3,0,0
BRDA:151,3,1,6
BRDA:161,4,0,0
BRDA:161,4,1,6
BRDA:219,5,0,0
BRDA:219,5,1,0
BRDA:253,6,0,0
BRDA:253,6,1,0
BRDA:256,7,0,0
BRDA:256,7,1,0
BRF:16
BRH:6
end_of_record
TN:
SF:/home/laegel/Workspace/perso/curriedForage/src/curriedForage.ts
FN:86,(anonymous_14)
FN:87,(anonymous_15)
FN:91,(anonymous_18)
FN:91,(anonymous_19)
FN:93,(anonymous_21)
FN:112,(anonymous_22)
FN:113,(anonymous_23)
FN:117,(anonymous_26)
FN:120,(anonymous_27)
FN:141,(anonymous_28)
FN:142,(anonymous_29)
FN:146,(anonymous_32)
FN:146,(anonymous_33)
FN:148,(anonymous_35)
FN:166,(anonymous_36)
FN:167,(anonymous_37)
FN:171,(anonymous_40)
FN:173,(anonymous_41)
FN:200,(anonymous_42)
FN:201,(anonymous_43)
FN:202,(anonymous_44)
FN:206,(anonymous_47)
FN:206,(anonymous_48)
FN:265,(anonymous_50)
FN:272,(anonymous_51)
FN:273,(anonymous_52)
FN:277,(anonymous_55)
FN:279,(anonymous_56)
FN:287,(anonymous_57)
FN:289,(anonymous_60)
FN:293,(anonymous_61)
FN:295,(anonymous_62)
FN:297,(anonymous_63)
FN:301,(anonymous_64)
FN:306,(anonymous_65)
FN:307,(anonymous_66)
FN:309,(anonymous_69)
FN:311,(anonymous_70)
FN:317,(anonymous_71)
FN:318,(anonymous_72)
FN:321,(anonymous_75)
FN:323,(anonymous_76)
FN:344,(anonymous_77)
FN:345,(anonymous_78)
FN:348,(anonymous_81)
FN:350,(anonymous_82)
FN:358,(anonymous_83)
FN:359,(anonymous_84)
FN:362,(anonymous_87)
FN:364,(anonymous_88)
FN:384,(anonymous_89)
FN:385,(anonymous_90)
FN:387,(anonymous_93)
FN:389,(anonymous_94)
FN:397,(anonymous_95)
FN:405,(anonymous_96)
FN:413,(anonymous_97)
FN:416,(anonymous_98)
FN:418,(anonymous_101)
FN:419,(anonymous_102)
FN:435,(anonymous_103)
FN:448,(anonymous_104)
FN:449,(anonymous_107)
FN:451,(anonymous_108)
FN:458,(anonymous_109)
FN:459,(anonymous_112)
FN:461,(anonymous_113)
FN:468,(anonymous_114)
FN:490,(anonymous_115)
FN:492,(anonymous_116)
FN:511,(anonymous_117)
FNF:71
FNH:54
FNDA:29,(anonymous_14)
FNDA:29,(anonymous_15)
FNDA:29,(anonymous_18)
FNDA:29,(anonymous_19)
FNDA:0,(anonymous_21)
FNDA:4,(anonymous_22)
FNDA:4,(anonymous_23)
FNDA:4,(anonymous_26)
FNDA:0,(anonymous_27)
FNDA:1074,(anonymous_28)
FNDA:1072,(anonymous_29)
FNDA:1072,(anonymous_32)
FNDA:1072,(anonymous_33)
FNDA:0,(anonymous_35)
FNDA:3,(anonymous_36)
FNDA:3,(anonymous_37)
FNDA:3,(anonymous_40)
FNDA:0,(anonymous_41)
FNDA:19,(anonymous_42)
FNDA:7,(anonymous_43)
FNDA:17,(anonymous_44)
FNDA:17,(anonymous_47)
FNDA:17,(anonymous_48)
FNDA:0,(anonymous_50)
FNDA:1,(anonymous_51)
FNDA:1,(anonymous_52)
FNDA:1,(anonymous_55)
FNDA:0,(anonymous_56)
FNDA:2,(anonymous_57)
FNDA:2,(anonymous_60)
FNDA:2,(anonymous_61)
FNDA:2,(anonymous_62)
FNDA:0,(anonymous_63)
FNDA:0,(anonymous_64)
FNDA:23,(anonymous_65)
FNDA:19,(anonymous_66)
FNDA:19,(anonymous_69)
FNDA:0,(anonymous_70)
FNDA:9,(anonymous_71)
FNDA:9,(anonymous_72)
FNDA:9,(anonymous_75)
FNDA:0,(anonymous_76)
FNDA:2,(anonymous_77)
FNDA:2,(anonymous_78)
FNDA:2,(anonymous_81)
FNDA:0,(anonymous_82)
FNDA:4,(anonymous_83)
FNDA:3,(anonymous_84)
FNDA:3,(anonymous_87)
FNDA:0,(anonymous_88)
FNDA:3,(anonymous_89)
FNDA:3,(anonymous_90)
FNDA:3,(anonymous_93)
FNDA:0,(anonymous_94)
FNDA:0,(anonymous_95)
FNDA:1,(anonymous_96)
FNDA:2,(anonymous_97)
FNDA:1,(anonymous_98)
FNDA:1,(anonymous_101)
FNDA:0,(anonymous_102)
FNDA:12,(anonymous_103)
FNDA:2,(anonymous_104)
FNDA:2,(anonymous_107)
FNDA:0,(anonymous_108)
FNDA:1,(anonymous_109)
FNDA:1,(anonymous_112)
FNDA:0,(anonymous_113)
FNDA:2,(anonymous_114)
FNDA:8,(anonymous_115)
FNDA:13,(anonymous_116)
FNDA:1161,(anonymous_117)
DA:1,5
DA:2,5
DA:10,5
DA:75,5
DA:86,29
DA:87,29
DA:88,29
DA:89,58
DA:90,29
DA:91,29
DA:92,29
DA:112,4
DA:113,4
DA:114,4
DA:115,7
DA:116,4
DA:119,4
DA:141,1074
DA:142,1074
DA:143,1072
DA:144,2012
DA:145,1072
DA:146,1072
DA:147,1072
DA:166,3
DA:167,3
DA:168,3
DA:169,6
DA:170,3
DA:172,3
DA:200,19
DA:201,19
DA:202,19
DA:203,17
DA:204,34
DA:205,17
DA:206,17
DA:208,17
DA:209,0
DA:211,0
DA:212,0
DA:217,3
DA:219,3
DA:220,3
DA:225,3
DA:227,3
DA:228,3
DA:233,2
DA:235,2
DA:236,2
DA:241,3
DA:242,3
DA:243,3
DA:248,3
DA:249,3
DA:250,3
DA:255,0
DA:258,3
DA:259,3
DA:272,1
DA:273,1
DA:274,2
DA:275,1
DA:276,1
DA:277,1
DA:278,1
DA:287,4
DA:288,2
DA:289,2
DA:290,2
DA:291,1
DA:292,1
DA:293,2
DA:295,2
DA:296,2
DA:306,46
DA:307,23
DA:308,19
DA:309,19
DA:310,19
DA:317,9
DA:318,9
DA:319,9
DA:320,9
DA:321,9
DA:322,9
DA:344,2
DA:345,2
DA:346,2
DA:347,2
DA:348,2
DA:349,2
DA:358,4
DA:359,4
DA:360,3
DA:361,3
DA:362,3
DA:363,3
DA:384,3
DA:385,3
DA:386,3
DA:387,3
DA:388,3
DA:398,0
DA:406,1
DA:414,2
DA:417,1
DA:418,1
DA:435,12
DA:437,12
DA:448,2
DA:449,2
DA:450,2
DA:459,1
DA:460,1
DA:468,2
DA:469,2
DA:490,5
DA:491,8
DA:492,7
DA:493,13
DA:494,13
DA:496,4
DA:498,4
DA:500,4
DA:502,1
DA:504,0
DA:507,7
DA:508,1
DA:511,1161
DA:512,1161
DA:513,4
DA:519,5
DA:520,5
DA:521,5
DA:522,5
DA:523,5
DA:524,5
DA:525,5
DA:526,5
DA:527,5
DA:528,5
DA:529,5
DA:530,5
DA:531,5
DA:532,5
DA:533,5
DA:535,5
DA:536,5
DA:537,5
DA:538,5
DA:539,5
DA:540,5
DA:541,5
DA:542,5
DA:543,5
DA:544,5
DA:545,5
DA:546,5
DA:547,5
DA:548,5
DA:549,5
DA:550,5
LF:163
LH:157
BRDA:86,0,0,1
BRDA:86,0,1,28
BRDA:88,1,0,29
BRDA:89,2,0,29
BRDA:89,2,1,0
BRDA:89,3,0,0
BRDA:89,3,1,0
BRDA:92,4,0,29
BRDA:92,4,1,0
BRDA:92,5,0,29
BRDA:92,5,1,25
BRDA:112,6,0,0
BRDA:112,6,1,4
BRDA:114,7,0,4
BRDA:115,8,0,3
BRDA:115,8,1,1
BRDA:115,9,0,1
BRDA:115,9,1,0
BRDA:119,10,0,3
BRDA:119,10,1,1
BRDA:119,11,0,3
BRDA:119,11,1,2
BRDA:141,12,0,0
BRDA:141,12,1,1074
BRDA:144,13,0,66
BRDA:144,13,1,1006
BRDA:144,14,0,1006
BRDA:144,14,1,0
BRDA:147,15,0,66
BRDA:147,15,1,1006
BRDA:147,16,0,66
BRDA:147,16,1,66
BRDA:166,17,0,0
BRDA:166,17,1,3
BRDA:168,18,0,3
BRDA:169,19,0,3
BRDA:169,19,1,0
BRDA:169,20,0,0
BRDA:169,20,1,0
BRDA:172,21,0,3
BRDA:172,21,1,0
BRDA:172,22,0,3
BRDA:172,22,1,1
BRDA:200,23,0,0
BRDA:200,23,1,19
BRDA:201,24,0,0
BRDA:201,24,1,7
BRDA:205,25,0,17
BRDA:204,26,0,17
BRDA:204,26,1,0
BRDA:204,27,0,0
BRDA:204,27,1,0
BRDA:211,28,0,0
BRDA:209,29,0,0
BRDA:209,29,1,3
BRDA:209,29,2,3
BRDA:209,29,3,2
BRDA:209,29,4,3
BRDA:209,29,5,3
BRDA:209,29,6,0
BRDA:272,30,0,0
BRDA:272,30,1,1
BRDA:276,31,0,1
BRDA:274,32,0,1
BRDA:274,32,1,0
BRDA:274,33,0,0
BRDA:274,33,1,0
BRDA:290,34,0,1
BRDA:290,34,1,1
BRDA:292,35,0,1
BRDA:292,35,1,0
BRDA:306,36,0,19
BRDA:306,36,1,4
BRDA:306,37,0,23
BRDA:306,37,1,0
BRDA:308,38,0,19
BRDA:310,39,0,19
BRDA:310,39,1,19
BRDA:317,40,0,8
BRDA:317,40,1,1
BRDA:319,41,0,9
BRDA:319,41,1,9
BRDA:322,42,0,9
BRDA:322,42,1,8
BRDA:344,43,0,2
BRDA:344,43,1,0
BRDA:346,44,0,2
BRDA:346,44,1,2
BRDA:349,45,0,2
BRDA:349,45,1,1
BRDA:358,46,0,0
BRDA:358,46,1,4
BRDA:360,47,0,3
BRDA:360,47,1,3
BRDA:363,48,0,3
BRDA:363,48,1,2
BRDA:384,49,0,0
BRDA:384,49,1,3
BRDA:386,50,0,3
BRDA:435,51,0,1
BRDA:435,51,1,11
BRDA:438,52,0,12
BRDA:438,52,1,1
BRDA:491,53,0,7
BRDA:491,53,1,1
BRDA:495,54,0,4
BRDA:495,54,1,4
BRDA:495,54,2,4
BRDA:495,54,3,1
BRDA:495,54,4,0
BRDA:511,55,0,0
BRDA:511,55,1,1161
BRDA:512,56,0,1157
BRDA:512,56,1,4
BRF:114
BRH:82
end_of_record
TN:
SF:/home/laegel/Workspace/perso/curriedForage/src/handler.ts
FN:42,(anonymous_13)
FN:43,(anonymous_14)
FN:76,(anonymous_15)
FN:112,(anonymous_16)
FN:124,(anonymous_17)
FN:168,(anonymous_18)
FN:169,(anonymous_19)
FN:194,(anonymous_20)
FN:200,(anonymous_21)
FN:210,(anonymous_24)
FNF:10
FNH:10
FNDA:2194,(anonymous_13)
FNDA:2193,(anonymous_14)
FNDA:3,(anonymous_15)
FNDA:19,(anonymous_16)
FNDA:18,(anonymous_17)
FNDA:1159,(anonymous_18)
FNDA:1159,(anonymous_19)
FNDA:5,(anonymous_20)
FNDA:5,(anonymous_21)
FNDA:10,(anonymous_24)
DA:17,5
DA:43,2194
DA:44,2193
DA:45,2190
DA:47,2193
DA:48,2193
DA:49,1037
DA:52,1
DA:55,2
DA:56,2
DA:59,4
DA:62,2
DA:63,2
DA:65,2
DA:69,7
DA:72,10
DA:73,9
DA:74,7
DA:75,6
DA:76,6
DA:77,1
DA:79,5
DA:83,1
DA:84,1
DA:89,1012
DA:92,1156
DA:124,19
DA:125,18
DA:126,17
DA:128,18
DA:129,11
DA:131,1
DA:133,3
DA:135,1
DA:136,1
DA:138,2
DA:139,2
DA:141,3
DA:144,2
DA:145,2
DA:147,1
DA:150,1
DA:153,7
DA:169,1159
DA:177,1159
DA:178,1027
DA:180,132
DA:194,5
DA:196,5
DA:200,5
DA:201,5
DA:202,5
DA:203,0
DA:205,5
DA:206,5
DA:207,0
DA:210,5
DA:211,10
DA:213,7
DA:217,5
DA:220,0
DA:226,5
LF:62
LH:59
BRDA:44,0,0,2190
BRDA:44,0,1,3
BRDA:48,1,0,1037
BRDA:48,1,1,1156
BRDA:48,2,0,2193
BRDA:48,2,1,2164
BRDA:50,3,0,1
BRDA:50,3,1,1
BRDA:50,3,2,2
BRDA:50,3,3,2
BRDA:50,3,4,4
BRDA:50,3,5,4
BRDA:50,3,6,7
BRDA:50,3,7,7
BRDA:50,3,8,10
BRDA:50,3,9,10
BRDA:50,3,10,0
BRDA:50,3,11,1
BRDA:50,3,12,3
BRDA:50,3,13,3
BRDA:50,3,14,1008
BRDA:50,3,15,1012
BRDA:59,4,0,2
BRDA:59,4,1,2
BRDA:62,5,0,1
BRDA:62,5,1,1
BRDA:65,6,0,2
BRDA:65,6,1,1
BRDA:69,7,0,2
BRDA:69,7,1,5
BRDA:69,8,0,7
BRDA:69,8,1,6
BRDA:72,9,0,1
BRDA:72,9,1,9
BRDA:73,10,0,2
BRDA:73,10,1,7
BRDA:74,11,0,1
BRDA:74,11,1,6
BRDA:125,12,0,17
BRDA:125,12,1,1
BRDA:128,13,0,11
BRDA:128,13,1,7
BRDA:128,14,0,18
BRDA:128,14,1,11
BRDA:130,15,0,1
BRDA:130,15,1,3
BRDA:130,15,2,1
BRDA:130,15,3,2
BRDA:130,15,4,3
BRDA:130,15,5,1
BRDA:141,16,0,2
BRDA:141,16,1,1
BRDA:144,17,0,1
BRDA:144,17,1,1
BRDA:147,18,0,1
BRDA:147,18,1,0
BRDA:177,19,0,1027
BRDA:177,19,1,132
BRDA:194,20,0,0
BRDA:194,20,1,5
BRDA:202,21,0,0
BRDA:202,21,1,5
BRDA:202,22,0,5
BRDA:202,22,1,0
BRDA:206,23,0,0
BRDA:206,23,1,5
BRDA:206,24,0,5
BRDA:206,24,1,5
BRDA:211,25,0,7
BRDA:211,25,1,3
BRF:70
BRH:64
end_of_record
TN:
SF:/home/laegel/Workspace/perso/curriedForage/src/index.ts
FNF:0
FNH:0
DA:1,5
DA:2,5
DA:3,5
DA:4,5
DA:7,5
DA:8,5
DA:9,5
DA:10,5
LF:8
LH:8
BRF:0
BRH:0
end_of_record
